{
  "RSpec": {
    "coverage": {
      "/home/rails/blog/mhb-api/app/models/user.rb": [
        1,
        1,
        1,
        1,
        null,
        1,
        1,
        1,
        1,
        null,
        1,
        null,
        1,
        null,
        1,
        null,
        null,
        null,
        1,
        null,
        8,
        9,
        null,
        1,
        22,
        null,
        null,
        1,
        3,
        null,
        null,
        null
      ],
      "/home/rails/blog/mhb-api/app/models/concerns/filterable.rb": [
        1,
        1,
        null,
        1,
        1,
        110,
        110,
        null,
        110,
        54,
        null,
        110,
        null,
        null,
        1,
        301,
        301,
        null,
        301,
        null,
        null,
        1,
        107,
        null,
        null,
        null
      ],
      "/home/rails/blog/mhb-api/app/lib/api_version.rb": [
        1,
        1,
        null,
        1,
        2,
        2,
        null,
        null,
        null,
        1,
        1035,
        null,
        null,
        1,
        null,
        1,
        null,
        1035,
        1035,
        null,
        null
      ],
      "/home/rails/blog/mhb-api/lib/tasks/data_load.rake": [
        1,
        null,
        1,
        1,
        0,
        0,
        0,
        null,
        0,
        0,
        0,
        null,
        null,
        0,
        0,
        0,
        null,
        0,
        null,
        null,
        null,
        null,
        1,
        1,
        0,
        0,
        0,
        0,
        null,
        0,
        0,
        0,
        null,
        null,
        0,
        0,
        0,
        null,
        0,
        0,
        0,
        0,
        0,
        null,
        null,
        0,
        0,
        null,
        null,
        null,
        null,
        null,
        null,
        null,
        null,
        null,
        null,
        null,
        null,
        null,
        null,
        null,
        0,
        0,
        0,
        0,
        0,
        null,
        null,
        null,
        null,
        null,
        0,
        null,
        null,
        0,
        null,
        null,
        null,
        null,
        null,
        1,
        1,
        1,
        1,
        1,
        1,
        null,
        1,
        0,
        0,
        null,
        null,
        1,
        1,
        1,
        null,
        1,
        10,
        10,
        0,
        0,
        null,
        null,
        10,
        4,
        null,
        4,
        1,
        null,
        null,
        null,
        null,
        null,
        1,
        1,
        null,
        0,
        null,
        null,
        null,
        6,
        6,
        null,
        null,
        4,
        2,
        0,
        0,
        null,
        2,
        null,
        2,
        null,
        null,
        null,
        null,
        null,
        null,
        null,
        null,
        2,
        2,
        null,
        2,
        2,
        2,
        2,
        null,
        null,
        0,
        null,
        null,
        null,
        null,
        null,
        null,
        1,
        1,
        0,
        0,
        0,
        0,
        null,
        0,
        0,
        0,
        null,
        null,
        0,
        0,
        0,
        null,
        0,
        0,
        0,
        0,
        0,
        null,
        null,
        0,
        null,
        null,
        null,
        null,
        0,
        0,
        null,
        0,
        0,
        null,
        null,
        null,
        1,
        1,
        0,
        0,
        0,
        0,
        null,
        0,
        0,
        0,
        null,
        null,
        0,
        0,
        0,
        null,
        0,
        0,
        0,
        0,
        0,
        null,
        null,
        0,
        0,
        0,
        null,
        0,
        null,
        null,
        null,
        0,
        0,
        0,
        null,
        null,
        0,
        0,
        null,
        null,
        0,
        0,
        0,
        0,
        0,
        0,
        0,
        0,
        0,
        0,
        0,
        null,
        0,
        0,
        0,
        null,
        0,
        0,
        null,
        0,
        null,
        0,
        null,
        0,
        null,
        null,
        null,
        null,
        null,
        null,
        null,
        null,
        null,
        null,
        null,
        null,
        0,
        null,
        null,
        0,
        0,
        null,
        null,
        null,
        null,
        null
      ],
      "/home/rails/blog/mhb-api/app/models/ability.rb": [
        1,
        1,
        null,
        1,
        null,
        null,
        null,
        3,
        1,
        2,
        1,
        null,
        1,
        null,
        null,
        null,
        null,
        null,
        null,
        null,
        null,
        null,
        null,
        null,
        null,
        null,
        null,
        null,
        null,
        null,
        null,
        null,
        null,
        null
      ],
      "/home/rails/blog/mhb-api/app/models/amenity.rb": [
        1,
        1,
        1,
        null,
        11,
        null,
        1,
        10,
        null,
        null
      ],
      "/home/rails/blog/mhb-api/app/models/application_record.rb": [
        1,
        1,
        null,
        1,
        null
      ],
      "/home/rails/blog/mhb-api/app/models/builder.rb": [
        1,
        1,
        1,
        1,
        null,
        1,
        1,
        null,
        1,
        1,
        null,
        1,
        null,
        1,
        3,
        null,
        null
      ],
      "/home/rails/blog/mhb-api/app/models/collection.rb": [
        1,
        1,
        1,
        1,
        null
      ],
      "/home/rails/blog/mhb-api/app/models/communities_plan.rb": [
        1,
        1,
        1,
        null
      ],
      "/home/rails/blog/mhb-api/app/models/community_plan_option.rb": [
        1,
        1,
        1,
        null
      ],
      "/home/rails/blog/mhb-api/app/models/community.rb": [
        1,
        1,
        null,
        1,
        1,
        1,
        1,
        1,
        null,
        1,
        null,
        1,
        null,
        1,
        1,
        null,
        1,
        null,
        1,
        8,
        null,
        null
      ],
      "/home/rails/blog/mhb-api/app/models/contact.rb": [
        1,
        1,
        1,
        null,
        1,
        1,
        null,
        1,
        1,
        null,
        1,
        89,
        null,
        null,
        1,
        null,
        1,
        210,
        null,
        2,
        null,
        null,
        1,
        219,
        207,
        204,
        null,
        null
      ],
      "/home/rails/blog/mhb-api/app/models/division.rb": [
        1,
        1,
        1,
        1,
        null,
        1,
        null
      ],
      "/home/rails/blog/mhb-api/app/models/elevation.rb": [
        1,
        1,
        1,
        null,
        1,
        1,
        null,
        null
      ],
      "/home/rails/blog/mhb-api/app/models/excluded_plan_option.rb": [
        1,
        1,
        1,
        null,
        null
      ],
      "/home/rails/blog/mhb-api/app/models/lot.rb": [
        1,
        1,
        null,
        1,
        null,
        1,
        null
      ],
      "/home/rails/blog/mhb-api/app/models/plan_option_set.rb": [
        1,
        1,
        1,
        1,
        1,
        null,
        1,
        null,
        1,
        1,
        null
      ],
      "/home/rails/blog/mhb-api/app/models/plan_option.rb": [
        1,
        1,
        null,
        1,
        1,
        1,
        1,
        null,
        1,
        1,
        null,
        null,
        1,
        1,
        null,
        1,
        1,
        null,
        1,
        0,
        null,
        null,
        1,
        0,
        null,
        null,
        null
      ],
      "/home/rails/blog/mhb-api/app/models/plan_room.rb": [
        1,
        1,
        null,
        1,
        1,
        1,
        null
      ],
      "/home/rails/blog/mhb-api/app/models/plan.rb": [
        1,
        1,
        null,
        1,
        1,
        1,
        1,
        1,
        1,
        1,
        1,
        1,
        1,
        1,
        null,
        1,
        1,
        null,
        1,
        null,
        1,
        null,
        null,
        1,
        null,
        1,
        null,
        null,
        9,
        9,
        5,
        5,
        5,
        7,
        5,
        9,
        3,
        3,
        1,
        1,
        1,
        1,
        null,
        null,
        1,
        43,
        null,
        null,
        null,
        null,
        null,
        null
      ],
      "/home/rails/blog/mhb-api/app/models/plan_style.rb": [
        1,
        1,
        null,
        1,
        null,
        1,
        1,
        null,
        null,
        1,
        null,
        1,
        6,
        null,
        null
      ],
      "/home/rails/blog/mhb-api/app/models/region.rb": [
        1,
        1,
        1,
        1,
        1,
        null
      ],
      "/home/rails/blog/mhb-api/app/models/role.rb": [
        1,
        1,
        null,
        null,
        1,
        null,
        null,
        null,
        null,
        1,
        null,
        null,
        null,
        1,
        null
      ],
      "/home/rails/blog/mhb-api/app/models/saved_plan_option.rb": [
        1,
        1,
        1,
        1,
        null,
        1,
        null,
        9,
        1,
        null,
        1,
        8,
        null,
        null
      ],
      "/home/rails/blog/mhb-api/app/models/saved_plan.rb": [
        1,
        1,
        1,
        1,
        1,
        null,
        1,
        null,
        1,
        null,
        null,
        2,
        2,
        null,
        1,
        10,
        null,
        null,
        1,
        3,
        3,
        0,
        0,
        0,
        0,
        0,
        0,
        null,
        0,
        0,
        null,
        3,
        null,
        null
      ],
      "/home/rails/blog/mhb-api/app/models/saved_search.rb": [
        1,
        1,
        null,
        1,
        null
      ],
      "/home/rails/blog/mhb-api/app/models/user_viewed_plan.rb": [
        1,
        1,
        1,
        null,
        null
      ],
      "/home/rails/blog/mhb-api/app/models/vr_hotspot.rb": [
        1,
        1,
        1,
        1,
        1,
        null
      ],
      "/home/rails/blog/mhb-api/app/models/vr_scene.rb": [
        1,
        1,
        1,
        null,
        1,
        null,
        1,
        141,
        141,
        141,
        0,
        null,
        141,
        141,
        null,
        null
      ],
      "/home/rails/blog/mhb-api/app/controllers/application_controller.rb": [
        1,
        1,
        1,
        1,
        1,
        null,
        1,
        null,
        1,
        10,
        null,
        null,
        1,
        393,
        393,
        393,
        null,
        null,
        1,
        78,
        7,
        7,
        null,
        null,
        71,
        null,
        null,
        null,
        null
      ],
      "/home/rails/blog/mhb-api/app/controllers/concerns/response.rb": [
        1,
        1,
        389,
        null,
        null,
        1,
        103,
        null,
        null
      ],
      "/home/rails/blog/mhb-api/app/controllers/v1/amenities_controller.rb": [
        1,
        1,
        1,
        1,
        null,
        null,
        1,
        12,
        12,
        7,
        null,
        5,
        null,
        null,
        null,
        null,
        1,
        10,
        10,
        null,
        null,
        1,
        null,
        1,
        12,
        null,
        null,
        null
      ],
      "/home/rails/blog/mhb-api/app/controllers/v1/builders_controller.rb": [
        1,
        1,
        1,
        1,
        1,
        1,
        1,
        null,
        null,
        1,
        13,
        null,
        null,
        null,
        1,
        3,
        null,
        null,
        null,
        1,
        14,
        14,
        9,
        null,
        5,
        null,
        null,
        null,
        null,
        1,
        8,
        6,
        null,
        2,
        null,
        null,
        null,
        null,
        1,
        4,
        4,
        null,
        0,
        null,
        null,
        null,
        null,
        1,
        8,
        8,
        null,
        null,
        null,
        1,
        6,
        6,
        null,
        null,
        null,
        1,
        6,
        6,
        null,
        null,
        null,
        1,
        6,
        6,
        null,
        null,
        null,
        1,
        5,
        2,
        null,
        3,
        3,
        null,
        0,
        null,
        null,
        null,
        null,
        null,
        1,
        5,
        2,
        2,
        null,
        0,
        null,
        null,
        3,
        null,
        null,
        null,
        1,
        null,
        1,
        22,
        null,
        null,
        1,
        67,
        null,
        null,
        1,
        14,
        null,
        null,
        1,
        10,
        10,
        null,
        null,
        null
      ],
      "/home/rails/blog/mhb-api/app/models/plan_image.rb": [
        1,
        1,
        null,
        1,
        null,
        1,
        1,
        null,
        6,
        null,
        null
      ],
      "/home/rails/blog/mhb-api/app/controllers/v1/collections_controller.rb": [
        1,
        1,
        1,
        1,
        1,
        1,
        null,
        null,
        1,
        8,
        null,
        null,
        null,
        1,
        3,
        null,
        null,
        null,
        1,
        8,
        8,
        null,
        null,
        null,
        1,
        14,
        14,
        9,
        null,
        5,
        null,
        null,
        null,
        null,
        1,
        12,
        10,
        null,
        2,
        null,
        null,
        null,
        null,
        1,
        4,
        4,
        null,
        0,
        null,
        null,
        null,
        1,
        null,
        1,
        26,
        null,
        null,
        1,
        24,
        null,
        null,
        1,
        33,
        null,
        null,
        null
      ],
      "/home/rails/blog/mhb-api/app/controllers/v1/communities_controller.rb": [
        1,
        1,
        null,
        1,
        1,
        1,
        1,
        1,
        1,
        null,
        null,
        1,
        8,
        null,
        null,
        null,
        1,
        3,
        null,
        null,
        null,
        1,
        22,
        22,
        13,
        null,
        9,
        null,
        null,
        null,
        null,
        1,
        8,
        6,
        null,
        2,
        null,
        null,
        null,
        null,
        1,
        6,
        6,
        null,
        0,
        null,
        null,
        null,
        null,
        1,
        8,
        8,
        null,
        null,
        null,
        1,
        6,
        5,
        null,
        1,
        1,
        1,
        0,
        null,
        1,
        null,
        null,
        null,
        null,
        1,
        3,
        2,
        2,
        null,
        1,
        null,
        null,
        null,
        null,
        1,
        7,
        6,
        6,
        6,
        6,
        0,
        null,
        null,
        6,
        null,
        1,
        null,
        null,
        null,
        null,
        1,
        8,
        8,
        null,
        null,
        null,
        1,
        7,
        2,
        null,
        5,
        5,
        null,
        0,
        null,
        null,
        null,
        null,
        null,
        1,
        7,
        4,
        4,
        null,
        0,
        null,
        null,
        3,
        null,
        null,
        null,
        1,
        null,
        1,
        30,
        null,
        null,
        1,
        3,
        null,
        null,
        1,
        30,
        null,
        null,
        1,
        126,
        null,
        null,
        1,
        37,
        null,
        null,
        1,
        28,
        null,
        null,
        null
      ],
      "/home/rails/blog/mhb-api/app/controllers/v1/contacts_controller.rb": [
        1,
        1,
        1,
        1,
        null,
        1,
        1,
        null,
        null,
        null,
        1,
        6,
        null,
        null,
        null,
        1,
        1,
        null,
        null,
        null,
        1,
        5,
        5,
        3,
        null,
        2,
        null,
        null,
        null,
        null,
        1,
        4,
        3,
        null,
        1,
        null,
        null,
        null,
        null,
        1,
        3,
        3,
        null,
        0,
        null,
        null,
        null,
        1,
        null,
        1,
        9,
        null,
        null,
        1,
        11,
        7,
        null,
        4,
        null,
        null,
        null,
        1,
        8,
        null,
        null,
        null
      ],
      "/home/rails/blog/mhb-api/app/controllers/v1/divisions_controller.rb": [
        1,
        1,
        1,
        1,
        1,
        1,
        null,
        null,
        1,
        8,
        null,
        null,
        null,
        1,
        3,
        null,
        null,
        null,
        1,
        12,
        12,
        7,
        null,
        5,
        null,
        null,
        null,
        null,
        1,
        10,
        8,
        null,
        2,
        null,
        null,
        null,
        null,
        1,
        4,
        4,
        null,
        0,
        null,
        null,
        null,
        null,
        1,
        9,
        9,
        null,
        null,
        1,
        null,
        1,
        22,
        null,
        null,
        1,
        22,
        null,
        null,
        1,
        25,
        null,
        null,
        null
      ],
      "/home/rails/blog/mhb-api/app/controllers/v1/elevations_controller.rb": [
        1,
        1,
        1,
        1,
        null,
        null,
        1,
        6,
        null,
        null,
        null,
        1,
        1,
        null,
        null,
        null,
        null,
        null,
        null,
        null,
        null,
        null,
        null,
        null,
        null,
        null,
        null,
        null,
        null,
        null,
        null,
        null,
        null,
        null,
        null,
        null,
        null,
        null,
        null,
        null,
        null,
        null,
        null,
        1,
        null,
        1,
        null,
        null,
        null,
        1,
        6,
        null,
        null,
        1,
        1,
        null,
        null,
        null
      ],
      "/home/rails/blog/mhb-api/app/controllers/v1/lots_controller.rb": [
        1,
        1,
        1,
        1,
        1,
        1,
        null,
        null,
        1,
        8,
        null,
        null,
        null,
        1,
        3,
        null,
        null,
        null,
        1,
        6,
        6,
        4,
        null,
        2,
        null,
        null,
        null,
        null,
        1,
        8,
        6,
        null,
        2,
        null,
        null,
        null,
        null,
        1,
        4,
        4,
        null,
        0,
        null,
        null,
        null,
        null,
        1,
        8,
        8,
        null,
        null,
        1,
        null,
        1,
        14,
        null,
        null,
        1,
        16,
        null,
        null,
        1,
        27,
        null,
        null,
        null
      ],
      "/home/rails/blog/mhb-api/app/controllers/v1/plan_option_sets_controller.rb": [
        1,
        1,
        1,
        1,
        1,
        1,
        null,
        null,
        null,
        1,
        8,
        null,
        null,
        null,
        1,
        2,
        null,
        null,
        null,
        1,
        10,
        10,
        7,
        null,
        3,
        null,
        null,
        null,
        null,
        1,
        5,
        4,
        null,
        1,
        null,
        null,
        null,
        null,
        1,
        3,
        3,
        null,
        0,
        null,
        null,
        null,
        1,
        null,
        1,
        15,
        null,
        null,
        1,
        13,
        null,
        null,
        1,
        18,
        null,
        null,
        null
      ],
      "/home/rails/blog/mhb-api/app/controllers/v1/plan_options_controller.rb": [
        1,
        1,
        1,
        1,
        1,
        1,
        1,
        null,
        null,
        1,
        8,
        null,
        null,
        null,
        1,
        2,
        null,
        null,
        null,
        1,
        7,
        null,
        null,
        null,
        null,
        1,
        4,
        4,
        3,
        null,
        1,
        null,
        null,
        null,
        null,
        1,
        6,
        4,
        null,
        2,
        null,
        null,
        null,
        null,
        1,
        4,
        4,
        null,
        0,
        null,
        null,
        null,
        null,
        1,
        7,
        7,
        null,
        null,
        null,
        1,
        5,
        4,
        4,
        null,
        null,
        null,
        1,
        null,
        1,
        10,
        null,
        null,
        null,
        null,
        1,
        4,
        null,
        null,
        1,
        15,
        null,
        null,
        1,
        47,
        null,
        null,
        1,
        12,
        null,
        null,
        null
      ],
      "/home/rails/blog/mhb-api/app/controllers/v1/plan_rooms_controller.rb": [
        1,
        1,
        null,
        null,
        1,
        8,
        null,
        null,
        null
      ],
      "/home/rails/blog/mhb-api/app/controllers/v1/plan_styles_controller.rb": [
        1,
        1,
        1,
        null,
        null,
        null,
        1,
        6,
        null,
        null,
        null,
        1,
        8,
        8,
        null,
        null,
        1,
        null,
        1,
        10,
        null,
        null,
        null
      ],
      "/home/rails/blog/mhb-api/app/controllers/v2/plans_controller.rb": [
        1,
        null,
        1,
        2,
        null,
        null
      ],
      "/home/rails/blog/mhb-api/app/controllers/v1/plans_controller.rb": [
        1,
        1,
        1,
        1,
        1,
        1,
        1,
        1,
        1,
        null,
        null,
        null,
        1,
        19,
        2,
        2,
        null,
        17,
        null,
        null,
        null,
        1,
        2,
        2,
        null,
        null,
        null,
        1,
        3,
        null,
        null,
        null,
        1,
        2,
        null,
        null,
        null,
        1,
        1,
        1,
        25,
        1,
        null,
        null,
        null,
        1,
        8,
        null,
        null,
        null,
        1,
        2,
        null,
        null,
        null,
        1,
        4,
        1,
        null,
        3,
        3,
        null,
        null,
        null,
        null,
        null,
        1,
        7,
        4,
        4,
        null,
        0,
        null,
        null,
        3,
        null,
        null,
        null,
        null,
        1,
        6,
        6,
        2,
        null,
        4,
        null,
        null,
        null,
        null,
        1,
        6,
        4,
        null,
        2,
        null,
        null,
        null,
        null,
        1,
        4,
        4,
        null,
        0,
        null,
        null,
        null,
        null,
        null,
        1,
        7,
        7,
        null,
        null,
        null,
        1,
        8,
        8,
        null,
        null,
        null,
        1,
        10,
        3,
        null,
        7,
        7,
        null,
        null,
        null,
        null,
        null,
        1,
        4,
        2,
        2,
        null,
        0,
        null,
        null,
        2,
        null,
        null,
        null,
        null,
        1,
        8,
        8,
        null,
        null,
        1,
        null,
        1,
        12,
        null,
        null,
        null,
        null,
        null,
        1,
        6,
        null,
        null,
        1,
        null,
        121,
        null,
        null,
        1,
        23,
        null,
        null,
        1,
        29,
        null,
        null,
        null
      ],
      "/home/rails/blog/mhb-api/app/controllers/v1/regions_controller.rb": [
        1,
        1,
        1,
        1,
        1,
        1,
        null,
        null,
        1,
        8,
        null,
        null,
        null,
        1,
        2,
        null,
        null,
        null,
        1,
        12,
        12,
        7,
        null,
        5,
        null,
        null,
        null,
        null,
        1,
        10,
        8,
        null,
        2,
        null,
        null,
        null,
        null,
        1,
        4,
        4,
        null,
        0,
        null,
        null,
        null,
        1,
        null,
        1,
        22,
        null,
        null,
        1,
        22,
        null,
        null,
        1,
        22,
        null,
        null,
        null
      ],
      "/home/rails/blog/mhb-api/app/controllers/v1/saved_plan_options_controller.rb": [
        1,
        1,
        1,
        1,
        1,
        null,
        null,
        1,
        8,
        null,
        null,
        null,
        1,
        2,
        null,
        null,
        null,
        1,
        18,
        18,
        2,
        2,
        null,
        0,
        null,
        null,
        16,
        16,
        7,
        null,
        9,
        null,
        null,
        null,
        null,
        null,
        1,
        3,
        3,
        null,
        0,
        null,
        null,
        null,
        1,
        null,
        1,
        null,
        null,
        null,
        1,
        18,
        null,
        null,
        1,
        8,
        5,
        0,
        null,
        null,
        null,
        1,
        26,
        26,
        0,
        null,
        null,
        null,
        null
      ],
      "/home/rails/blog/mhb-api/app/controllers/v1/saved_plans_controller.rb": [
        1,
        1,
        1,
        1,
        1,
        null,
        null,
        1,
        10,
        null,
        null,
        null,
        1,
        3,
        null,
        null,
        null,
        1,
        8,
        8,
        4,
        null,
        4,
        null,
        null,
        null,
        null,
        1,
        0,
        0,
        0,
        0,
        null,
        null,
        0,
        0,
        null,
        0,
        null,
        null,
        null,
        null,
        1,
        10,
        7,
        null,
        2,
        null,
        null,
        null,
        null,
        1,
        4,
        4,
        null,
        0,
        null,
        null,
        null,
        1,
        null,
        1,
        18,
        null,
        null,
        null,
        1,
        18,
        18,
        0,
        null,
        null,
        null,
        1,
        19,
        17,
        17,
        0,
        null,
        null,
        0,
        null,
        null,
        null,
        null
      ],
      "/home/rails/blog/mhb-api/app/controllers/v1/saved_searches_controller.rb": [
        1,
        1,
        1,
        1,
        1,
        1,
        null,
        null,
        1,
        8,
        null,
        null,
        null,
        1,
        2,
        null,
        null,
        null,
        1,
        10,
        10,
        5,
        null,
        5,
        null,
        null,
        null,
        null,
        1,
        10,
        8,
        null,
        2,
        null,
        null,
        null,
        null,
        1,
        4,
        4,
        null,
        0,
        null,
        null,
        null,
        1,
        null,
        1,
        20,
        null,
        null,
        1,
        20,
        20,
        2,
        null,
        null,
        null,
        1,
        20,
        18,
        2,
        null,
        null,
        null,
        null
      ],
      "/home/rails/blog/mhb-api/app/controllers/v1/users_controller.rb": [
        1,
        1,
        1,
        1,
        1,
        null,
        null,
        1,
        14,
        null,
        null,
        null,
        1,
        3,
        null,
        null,
        null,
        1,
        null,
        null,
        null,
        1,
        7,
        5,
        null,
        2,
        null,
        null,
        null,
        null,
        1,
        3,
        3,
        null,
        null,
        null,
        1,
        6,
        6,
        6,
        null,
        0,
        null,
        null,
        null,
        null,
        1,
        8,
        8,
        null,
        null,
        1,
        null,
        1,
        7,
        null,
        null,
        null,
        null,
        null,
        null,
        null,
        null,
        null,
        null,
        null,
        null,
        1,
        32,
        30,
        0,
        null,
        null,
        null,
        1,
        6,
        null,
        null,
        null,
        null
      ],
      "/home/rails/blog/mhb-api/app/controllers/v1/vr_hotspots_controller.rb": [
        1,
        1,
        1,
        1,
        1,
        1,
        null,
        null,
        1,
        8,
        null,
        null,
        null,
        1,
        2,
        null,
        null,
        null,
        1,
        12,
        12,
        7,
        null,
        5,
        null,
        null,
        null,
        null,
        1,
        8,
        4,
        null,
        4,
        null,
        null,
        null,
        null,
        1,
        4,
        4,
        null,
        0,
        null,
        null,
        null,
        1,
        null,
        1,
        20,
        null,
        null,
        1,
        16,
        null,
        null,
        1,
        20,
        null,
        null,
        null
      ],
      "/home/rails/blog/mhb-api/app/controllers/v1/vr_scenes_controller.rb": [
        1,
        1,
        1,
        1,
        1,
        1,
        null,
        null,
        1,
        7,
        null,
        null,
        null,
        1,
        2,
        null,
        null,
        null,
        1,
        10,
        10,
        6,
        null,
        4,
        null,
        null,
        null,
        null,
        1,
        8,
        4,
        null,
        4,
        null,
        null,
        null,
        null,
        1,
        4,
        4,
        null,
        0,
        null,
        null,
        null,
        1,
        null,
        1,
        18,
        null,
        null,
        1,
        16,
        null,
        null,
        1,
        17,
        null,
        null,
        null
      ],
      "/home/rails/blog/mhb-api/app/controllers/overrides/omniauth_callbacks_controller.rb": [
        0,
        0,
        0,
        0,
        0,
        0,
        0,
        0,
        0,
        0,
        0,
        0,
        0,
        0
      ]
    },
    "timestamp": 1542405055
  }
}
